
                         MODELLER 9.18, 2017/02/17, r11002

     PROTEIN STRUCTURE MODELLING BY SATISFACTION OF SPATIAL RESTRAINTS


                     Copyright(c) 1989-2017 Andrej Sali
                            All Rights Reserved

                             Written by A. Sali
                               with help from
              B. Webb, M.S. Madhusudhan, M-Y. Shen, G.Q. Dong,
          M.A. Marti-Renom, N. Eswar, F. Alber, M. Topf, B. Oliva,
             A. Fiser, R. Sanchez, B. Yerkovich, A. Badretdinov,
                     F. Melo, J.P. Overington, E. Feyfant
                 University of California, San Francisco, USA
                    Rockefeller University, New York, USA
                      Harvard University, Cambridge, USA
                   Imperial Cancer Research Fund, London, UK
              Birkbeck College, University of London, London, UK


Kind, OS, HostName, Kernel, Processor: 4, Linux newton 3.16.0-38-generic x86_64
Date and time of compilation         : 2017/02/17 14:47:45
MODELLER executable type             : x86_64-intel8
Job starting time (YY/MM/DD HH:MM:SS): 2018/07/20 17:09:55

openf___224_> Open           $(LIB)/restyp.lib
openf___224_> Open           ${MODINSTALL9v18}/modlib/resgrp.lib
rdresgr_266_> Number of residue groups:        2
openf___224_> Open           ${MODINSTALL9v18}/modlib/sstruc.lib

Dynamically allocated memory at   amaxlibraries [B,KiB,MiB]:       191566     187.076     0.183

Dynamically allocated memory at   amaxlibraries [B,KiB,MiB]:       192094     187.592     0.183
openf___224_> Open           ${MODINSTALL9v18}/modlib/resdih.lib

Dynamically allocated memory at   amaxlibraries [B,KiB,MiB]:       240694     235.053     0.230
rdrdih__263_> Number of dihedral angle types         :        9
              Maximal number of dihedral angle optima:        3
              Dihedral angle names                   :  Alph Phi Psi Omeg chi1 chi2 chi3 chi4 chi5
openf___224_> Open           ${MODINSTALL9v18}/modlib/radii.lib

Dynamically allocated memory at   amaxlibraries [B,KiB,MiB]:       253994     248.041     0.242
openf___224_> Open           ${MODINSTALL9v18}/modlib/radii14.lib
openf___224_> Open           ${MODINSTALL9v18}/modlib/af_mnchdef.lib
rdwilmo_274_> Mainchain residue conformation classes:  APBLE
openf___224_> Open           ${MODINSTALL9v18}/modlib/mnch.lib
rdclass_257_> Number of classes:        5
openf___224_> Open           ${MODINSTALL9v18}/modlib/mnch1.lib
openf___224_> Open           ${MODINSTALL9v18}/modlib/mnch2.lib
openf___224_> Open           ${MODINSTALL9v18}/modlib/mnch3.lib
openf___224_> Open           ${MODINSTALL9v18}/modlib/xs4.mat
rdrrwgh_268_> Number of residue types:       21
openf___224_> Open           ali.ali

Dynamically allocated memory at   amaxalignment [B,KiB,MiB]:       269801     263.478     0.257

Dynamically allocated memory at   amaxalignment [B,KiB,MiB]:       284893     278.216     0.272

Dynamically allocated memory at   amaxalignment [B,KiB,MiB]:       300293     293.255     0.286

Dynamically allocated memory at    amaxsequence [B,KiB,MiB]:       300505     293.462     0.287

Dynamically allocated memory at    amaxsequence [B,KiB,MiB]:       300717     293.669     0.287

Read the alignment from file       : ali.ali
Total number of alignment positions:    54

  #  Code        #_Res #_Segm PDB_code    Name
-------------------------------------------------------------------------------
  1  renum_tem      54      1 renum_templ
  2      query      54      1       query
check_a_343_> >> BEGINNING OF COMMAND
openf___224_> Open           ./renum_template1.pdb

Dynamically allocated memory at amaxcoordinates [B,KiB,MiB]:       318642     311.174     0.304

Dynamically allocated memory at    amaxsequence [B,KiB,MiB]:       318642     311.174     0.304

Dynamically allocated memory at amaxcoordinates [B,KiB,MiB]:       318813     311.341     0.304

Dynamically allocated memory at amaxcoordinates [B,KiB,MiB]:       319663     312.171     0.305

Dynamically allocated memory at amaxcoordinates [B,KiB,MiB]:       320921     313.399     0.306

Dynamically allocated memory at amaxcoordinates [B,KiB,MiB]:       322825     315.259     0.308

Dynamically allocated memory at amaxcoordinates [B,KiB,MiB]:       325681     318.048     0.311

Dynamically allocated memory at    amaxsequence [B,KiB,MiB]:       325681     318.048     0.311

Dynamically allocated memory at amaxcoordinates [B,KiB,MiB]:       325771     318.136     0.311

Dynamically allocated memory at amaxcoordinates [B,KiB,MiB]:       330055     322.319     0.315

Dynamically allocated memory at    amaxsequence [B,KiB,MiB]:       330055     322.319     0.315

Dynamically allocated memory at amaxcoordinates [B,KiB,MiB]:       330190     322.451     0.315

Dynamically allocated memory at amaxcoordinates [B,KiB,MiB]:       336616     328.727     0.321

Dynamically allocated memory at    amaxsequence [B,KiB,MiB]:       336616     328.727     0.321

Dynamically allocated memory at amaxcoordinates [B,KiB,MiB]:       336814     328.920     0.321

Dynamically allocated memory at   amaxstructure [B,KiB,MiB]:       336697     328.806     0.321

check_ali___> Checking the sequence-structure alignment. 

Implied intrachain target CA(i)-CA(i+1) distances longer than  8.0 angstroms:

ALN_POS  TMPL  RID1  RID2  NAM1  NAM2     DIST
----------------------------------------------
END OF TABLE
check_a_344_> << END OF COMMAND
openf___224_> Open           ${LIB}/top_heav.lib
read_to_681_> topology.submodel read from topology file:        3
openf___224_> Open           ${LIB}/par.lib

Dynamically allocated memory at  amaxparameters [B,KiB,MiB]:       475949     464.794     0.454

Dynamically allocated memory at  amaxparameters [B,KiB,MiB]:       477549     466.356     0.455

Dynamically allocated memory at  amaxparameters [B,KiB,MiB]:       481529     470.243     0.459

Dynamically allocated memory at  amaxparameters [B,KiB,MiB]:       483529     472.196     0.461

Dynamically allocated memory at  amaxparameters [B,KiB,MiB]:       486529     475.126     0.464

Dynamically allocated memory at  amaxparameters [B,KiB,MiB]:       491029     479.521     0.468

Dynamically allocated memory at  amaxparameters [B,KiB,MiB]:       496601     484.962     0.474

Dynamically allocated memory at  amaxparameters [B,KiB,MiB]:       499401     487.696     0.476

Dynamically allocated memory at  amaxparameters [B,KiB,MiB]:       503601     491.798     0.480

Dynamically allocated memory at  amaxparameters [B,KiB,MiB]:       509901     497.950     0.486

Dynamically allocated memory at  amaxparameters [B,KiB,MiB]:       512673     500.657     0.489

Dynamically allocated memory at  amaxparameters [B,KiB,MiB]:       514073     502.024     0.490
read_pa_232_> parameters    BONDS   ANGLS  DIHEDS IMPROPS    MODE
                              227     561     661     112       0

Dynamically allocated memory at       amaxmodel [B,KiB,MiB]:       522394     510.150     0.498

Dynamically allocated memory at       amaxmodel [B,KiB,MiB]:       570414     557.045     0.544

Dynamically allocated memory at       amaxmodel [B,KiB,MiB]:       577758     564.217     0.551

mkilst______> segment topology constructed from sequence and RTF:
              segments residues atoms bonds angles dihedrals impropers:
                     1       54   471   482      0         0       218

Dynamically allocated memory at       amaxmodel [B,KiB,MiB]:       597454     583.451     0.570

patch_______> segment topology patched using RTF:     1  ;  TYR  ;  NTER
              segments residues atoms bonds angles dihedrals impropers:
                     1       54   471   482    645       749       218


Dynamically allocated memory at       amaxmodel [B,KiB,MiB]:       618990     604.482     0.590
patch_______> segment topology patched using RTF:    54  ;  VAL  ;  CTER
              segments residues atoms bonds angles dihedrals impropers:
                     1       54   472   483    647       751       219

genseg______> segment topology constructed from sequence and RTF:
              segments residues atoms bonds angles dihedrals impropers:
                     1       54   472   483    647       751       219
transfe_506_> MODEL is an average of all templates.
transfe_511_> Number of templates for coordinate transfer:        1
              After transferring coordinates of the equivalent template atoms,
              there are defined, undefined atoms in MODEL:      471        1
openf___224_> Open           query.ini
wrpdb___568_> Residues, atoms, selected atoms:       54      472      472
make_re_417_> Restraint type to be calculated:  stereo

Dynamically allocated memory at  amaxrestraints [B,KiB,MiB]:       726039     709.022     0.692

Dynamically allocated memory at  amaxrestraints [B,KiB,MiB]:       734231     717.022     0.700

Dynamically allocated memory at  amaxrestraints [B,KiB,MiB]:       750615     733.022     0.716

Dynamically allocated memory at  amaxrestraints [B,KiB,MiB]:       783383     765.022     0.747
r_stere_606_> Stereochemical restraints were constructed from RTF & PRMF.
              Added bond,angle,dihedral,improper restraints  :      483     647     697     219
              Total number of restraints before, now         :        0     2046
make_re_422_> Number of previous, current restraints         :        0     2046
make_re_423_> Number of previous, current selected restraints:        0     2046
make_re_417_> Restraint type to be calculated:  phi-psi_binormal

Dynamically allocated memory at   amaxstructure [B,KiB,MiB]:       815552     796.438     0.778
openf___224_> Open           ${MODINSTALL9v18}/modlib/mnch1.bin
openf___224_> Open           ${MODINSTALL9v18}/modlib/mnch1.mdt
getdata_643_> Protein accepted:  renum_template1
getdata_289_> Proteins (all/accepted):        1        1

Dynamically allocated memory at  amaxrestraints [B,KiB,MiB]:       848336     828.453     0.809
make_re_422_> Number of previous, current restraints         :     2046     2098
make_re_423_> Number of previous, current selected restraints:     2046     2098
make_re_417_> Restraint type to be calculated:  omega_dihedral

Dynamically allocated memory at   amaxstructure [B,KiB,MiB]:       848336     828.453     0.809
openf___224_> Open           ${MODINSTALL9v18}/modlib/omega.bin
openf___224_> Open           ${MODINSTALL9v18}/modlib/omega.mdt
getdata_643_> Protein accepted:  renum_template1
getdata_289_> Proteins (all/accepted):        1        1
omgdel__425_> Unselected all O C +N +CA dihedrals:       53
              (This is to avoid clashes between STEREO
              and OMEGA_DIHEDRAL restraints)
make_re_422_> Number of previous, current restraints         :     2098     2151
make_re_423_> Number of previous, current selected restraints:     2098     2098
make_re_417_> Restraint type to be calculated:  chi1_dihedral

Dynamically allocated memory at   amaxstructure [B,KiB,MiB]:       848336     828.453     0.809
openf___224_> Open           ${MODINSTALL9v18}/modlib/chi1234.bin
openf___224_> Open           ${MODINSTALL9v18}/modlib/chi1.mdt
getdata_643_> Protein accepted:  renum_template1
getdata_289_> Proteins (all/accepted):        1        1
make_re_422_> Number of previous, current restraints         :     2151     2200
make_re_423_> Number of previous, current selected restraints:     2098     2147
make_re_417_> Restraint type to be calculated:  chi2_dihedral

Dynamically allocated memory at   amaxstructure [B,KiB,MiB]:       848336     828.453     0.809
openf___224_> Open           ${MODINSTALL9v18}/modlib/chi1234.bin
openf___224_> Open           ${MODINSTALL9v18}/modlib/chi2.mdt
getdata_643_> Protein accepted:  renum_template1
getdata_289_> Proteins (all/accepted):        1        1

Dynamically allocated memory at  amaxrestraints [B,KiB,MiB]:       881104     860.453     0.840
make_re_422_> Number of previous, current restraints         :     2200     2242
make_re_423_> Number of previous, current selected restraints:     2147     2189
make_re_417_> Restraint type to be calculated:  chi3_dihedral

Dynamically allocated memory at   amaxstructure [B,KiB,MiB]:       881104     860.453     0.840
openf___224_> Open           ${MODINSTALL9v18}/modlib/chi1234.bin
openf___224_> Open           ${MODINSTALL9v18}/modlib/chi3.mdt
getdata_643_> Protein accepted:  renum_template1
getdata_289_> Proteins (all/accepted):        1        1
make_re_422_> Number of previous, current restraints         :     2242     2261
make_re_423_> Number of previous, current selected restraints:     2189     2208
make_re_417_> Restraint type to be calculated:  chi4_dihedral

Dynamically allocated memory at   amaxstructure [B,KiB,MiB]:       881104     860.453     0.840
openf___224_> Open           ${MODINSTALL9v18}/modlib/chi1234.bin
openf___224_> Open           ${MODINSTALL9v18}/modlib/chi4.mdt
mdtrsr__446W> A potential that relies on one protein is used, yet you have at
              least one known structure available. MDT, not library, potential is used.
getdata_643_> Protein accepted:  renum_template1
getdata_289_> Proteins (all/accepted):        1        1
make_re_422_> Number of previous, current restraints         :     2261     2268
make_re_423_> Number of previous, current selected restraints:     2208     2215
make_re_417_> Restraint type to be calculated:  DISTANCE

Dynamically allocated memory at amaxhash_contac [B,KiB,MiB]:      1017004     993.168     0.970

Dynamically allocated memory at  amaxrestraints [B,KiB,MiB]:      1082540    1057.168     1.032

Dynamically allocated memory at  amaxrestraints [B,KiB,MiB]:      1115308    1089.168     1.064
make_re_422_> Number of previous, current restraints         :     2268     2787
make_re_423_> Number of previous, current selected restraints:     2215     2734
make_re_417_> Restraint type to be calculated:  DISTANCE
make_re_422_> Number of previous, current restraints         :     2787     3458
make_re_423_> Number of previous, current selected restraints:     2734     3405
make_re_417_> Restraint type to be calculated:  DISTANCE

Dynamically allocated memory at  amaxrestraints [B,KiB,MiB]:      1180844    1153.168     1.126
make_re_422_> Number of previous, current restraints         :     3458     4449
make_re_423_> Number of previous, current selected restraints:     3405     4396
make_re_417_> Restraint type to be calculated:  DISTANCE

Dynamically allocated memory at  amaxrestraints [B,KiB,MiB]:      1311916    1281.168     1.251
make_re_422_> Number of previous, current restraints         :     4449     4934
make_re_423_> Number of previous, current selected restraints:     4396     4881
0 atoms in HETATM/BLK residues constrained
to protein atoms within 2.30 angstroms
and protein CA atoms within 10.00 angstroms
make_re_417_> Restraint type to be calculated:  DISTANCE
make_re_422_> Number of previous, current restraints         :     4934     4934
make_re_423_> Number of previous, current selected restraints:     4881     4881
make_re_417_> Restraint type to be calculated:  DISTANCE
make_re_422_> Number of previous, current restraints         :     4934     4934
make_re_423_> Number of previous, current selected restraints:     4881     4881
make_re_417_> Restraint type to be calculated:  DISTANCE
make_re_422_> Number of previous, current restraints         :     4934     4934
make_re_423_> Number of previous, current selected restraints:     4881     4881
make_re_417_> Restraint type to be calculated:  DISTANCE
make_re_422_> Number of previous, current restraints         :     4934     4934
make_re_423_> Number of previous, current selected restraints:     4881     4881
0 atoms in residues without defined topology
constrained to be rigid bodies
make_re_417_> Restraint type to be calculated:  DISTANCE
make_re_422_> Number of previous, current restraints         :     4934     4934
make_re_423_> Number of previous, current selected restraints:     4881     4881
rmdupl__427_>      323 redundant cosine dihedral restraints were unselected.
condens_443_> Restraints marked for deletion were removed.
              Total number of restraints before, now:     4934     4558
openf___224_> Open           query.rsr
openf___224_> Open           query.rsr
rdcsr2__307_> Number of restraints read    :     4558
              Number of excluded pairs read:        0
              Number of pseudo atoms read  :        0
rdcsrs__304_> Restraints in memory, selected restraints:     4558     4558
              Explicitly excluded atom pairs in memory :        0
              Pseudo atoms in memory                   :        0
openf___224_> Open           query.ini

Dynamically allocated memory at       amaxmodel [B,KiB,MiB]:      1205962    1177.697     1.150
read_mo_297_> Segments, residues, atoms:        1       54      472
read_mo_298_> Segment:        1     1    54      472
randomi_498_> Atoms,selected atoms,random_seed,amplitude:      472      472        1        4.0000
randomi_496_> Amplitude is > 0; randomization is done.
pick_re_612_> Number of MODEL atoms, selected restraints;      472     3175
pick_re_612_> Number of MODEL atoms, selected restraints;      472     3531
pick_re_612_> Number of MODEL atoms, selected restraints;      472     3708
pick_re_612_> Number of MODEL atoms, selected restraints;      472     3923
pick_re_612_> Number of MODEL atoms, selected restraints;      472     4103

Dynamically allocated memory at  amaxrestraints [B,KiB,MiB]:      1509870    1474.482     1.440
pick_re_612_> Number of MODEL atoms, selected restraints;      472     4314
pick_re_612_> Number of MODEL atoms, selected restraints;      472     4558
pick_re_612_> Number of MODEL atoms, selected restraints;      472     4558
iupac_m_483_> CD1/2 CE1/2 swapped:       92.9388        2     2
iupac_m_397W> Atoms were not swapped because of the uncertainty of how to handle the H atom.
iupac_m_487_> NH1/2 swapped:      178.3584        5     5
iupac_m_487_> NH1/2 swapped:      176.1121       17    17
iupac_m_486_> OE1/2 will be swapped:      119.8770       24    24
iupac_m_487_> NH1/2 swapped:     -175.9028       44    44
iupac_m_485_> OD1/2 will be swapped:      147.0057       47    47


>> ENERGY; Differences between the model's features and restraints:
Number of all residues in MODEL                   :       54
Number of all, selected real atoms                :      472     472
Number of all, selected pseudo atoms              :        0       0
Number of all static, selected restraints         :     4558    4558
COVALENT_CYS                                      :        F
NONBONDED_SEL_ATOMS                               :        1
Number of non-bonded pairs (excluding 1-2,1-3,1-4):      967
Dynamic pairs routine                             : 2, NATM x NATM cell sorting
Atomic shift for contacts update (UPDATE_DYNAMIC) :    0.390
LENNARD_JONES_SWITCH                              :    6.500   7.500
COULOMB_JONES_SWITCH                              :    6.500   7.500
RESIDUE_SPAN_RANGE                                :        0   99999
NLOGN_USE                                         :       15
CONTACT_SHELL                                     :    4.000
DYNAMIC_PAIRS,_SPHERE,_COULOMB,_LENNARD,_MODELLER :        T       T       F       F       F
SPHERE_STDV                                       :    0.050
RADII_FACTOR                                      :    0.820
Current energy                                    :         243.6003





Summary of the restraint violations: 

   NUM     ... number of restraints.
   NUMVI   ... number of restraints with RVIOL > VIOL_REPORT_CUT[i].
   RVIOL   ... relative difference from the best value.
   NUMVP   ... number of restraints with -Ln(pdf) > VIOL_REPORT_CUT2[i].
   RMS_1   ... RMS(feature, minimally_violated_basis_restraint, NUMB).
   RMS_2   ... RMS(feature, best_value, NUMB).
   MOL.PDF ... scaled contribution to -Ln(Molecular pdf).

 #                     RESTRAINT_GROUP      NUM   NUMVI  NUMVP   RMS_1   RMS_2         MOL.PDF     S_i
------------------------------------------------------------------------------------------------------
 1 Bond length potential              :     483       0      0   0.004   0.004      1.8634       1.000
 2 Bond angle potential               :     647       0      0   1.505   1.505      27.411       1.000
 3 Stereochemical cosine torsion poten:     321       0      8  43.969  43.969      100.18       1.000
 4 Stereochemical improper torsion pot:     219       0      0   0.959   0.959      3.7498       1.000
 5 Soft-sphere overlap restraints     :     967       0      0   0.001   0.001     0.12661       1.000
 6 Lennard-Jones 6-12 potential       :       0       0      0   0.000   0.000      0.0000       1.000
 7 Coulomb point-point electrostatic p:       0       0      0   0.000   0.000      0.0000       1.000
 8 H-bonding potential                :       0       0      0   0.000   0.000      0.0000       1.000
 9 Distance restraints 1 (CA-CA)      :     519       0      0   0.164   0.164      13.016       1.000
10 Distance restraints 2 (N-O)        :     671       0      0   0.148   0.148      12.241       1.000
11 Mainchain Phi dihedral restraints  :       0       0      0   0.000   0.000      0.0000       1.000
12 Mainchain Psi dihedral restraints  :       0       0      0   0.000   0.000      0.0000       1.000
13 Mainchain Omega dihedral restraints:      53       0      0   3.291   3.291      6.7682       1.000
14 Sidechain Chi_1 dihedral restraints:      49       0      0  49.177  49.177      1.8677       1.000
15 Sidechain Chi_2 dihedral restraints:      42       0      0  72.119  72.119      12.114       1.000
16 Sidechain Chi_3 dihedral restraints:      19       0      0  85.427  85.427      16.990       1.000
17 Sidechain Chi_4 dihedral restraints:       7       0      0 115.880 115.880      3.6865       1.000
18 Disulfide distance restraints      :       0       0      0   0.000   0.000      0.0000       1.000
19 Disulfide angle restraints         :       0       0      0   0.000   0.000      0.0000       1.000
20 Disulfide dihedral angle restraints:       0       0      0   0.000   0.000      0.0000       1.000
21 Lower bound distance restraints    :       0       0      0   0.000   0.000      0.0000       1.000
22 Upper bound distance restraints    :       0       0      0   0.000   0.000      0.0000       1.000
23 Distance restraints 3 (SDCH-MNCH)  :     991       0      0   0.378   0.378      22.177       1.000
24 Sidechain Chi_5 dihedral restraints:       0       0      0   0.000   0.000      0.0000       1.000
25 Phi/Psi pair of dihedral restraints:      52       1      1  25.477  26.091     -12.231       1.000
26 Distance restraints 4 (SDCH-SDCH)  :     485       0      0   0.741   0.741      33.640       1.000
27 Distance restraints 5 (X-Y)        :       0       0      0   0.000   0.000      0.0000       1.000
28 NMR distance restraints 6 (X-Y)    :       0       0      0   0.000   0.000      0.0000       1.000
29 NMR distance restraints 7 (X-Y)    :       0       0      0   0.000   0.000      0.0000       1.000
30 Minimal distance restraints        :       0       0      0   0.000   0.000      0.0000       1.000
31 Non-bonded restraints              :       0       0      0   0.000   0.000      0.0000       1.000
32 Atomic accessibility restraints    :       0       0      0   0.000   0.000      0.0000       1.000
33 Atomic density restraints          :       0       0      0   0.000   0.000      0.0000       1.000
34 Absolute position restraints       :       0       0      0   0.000   0.000      0.0000       1.000
35 Dihedral angle difference restraint:       0       0      0   0.000   0.000      0.0000       1.000
36 GBSA implicit solvent potential    :       0       0      0   0.000   0.000      0.0000       1.000
37 EM density fitting potential       :       0       0      0   0.000   0.000      0.0000       1.000
38 SAXS restraints                    :       0       0      0   0.000   0.000      0.0000       1.000
39 Symmetry restraints                :       0       0      0   0.000   0.000      0.0000       1.000



openf___224_> Open           query.V99990001
# Heavy relative violation of each residue is written to: query.V99990001
# The profile is NOT normalized by the number of restraints.
# The profiles are smoothed over a window of residues:    1
# The sum of all numbers in the file:    4203.4253



List of the violated restraints:
   A restraint is violated when the relative difference
   from the best value (RVIOL) is larger than CUTOFF.

   ICSR   ... index of a restraint in the current set.
   RESNO  ... residue numbers of the first two atoms.
   ATM    ... IUPAC atom names of the first two atoms.
   FEAT   ... the value of the feature in the model.
   restr  ... the mean of the basis restraint with the smallest
              difference from the model (local minimum).
   viol   ... difference from the local minimum.
   rviol  ... relative difference from the local minimum.
   RESTR  ... the best value (global minimum).
   VIOL   ... difference from the best value.
   RVIOL  ... relative difference from the best value.


-------------------------------------------------------------------------------------------------

Feature 25                           : Phi/Psi pair of dihedral restraints     
List of the RVIOL violations larger than   :       6.5000

    #   ICSR  RESNO1/2 ATM1/2   INDATM1/2    FEAT   restr    viol   rviol   RESTR    VIOL   RVIOL
    1   1716  46S  47D C   N     412  414   48.98  -63.30  142.07   16.95  -70.90  145.62   12.15
    1         47D  47D N   CA    414  415 -127.04  -40.00                  150.30


report______> Distribution of short non-bonded contacts:


DISTANCE1:  0.00 2.10 2.20 2.30 2.40 2.50 2.60 2.70 2.80 2.90 3.00 3.10 3.20 3.30 3.40
DISTANCE2:  2.10 2.20 2.30 2.40 2.50 2.60 2.70 2.80 2.90 3.00 3.10 3.20 3.30 3.40 3.50
FREQUENCY:     0    0    0    0    0    2    6   20   29   47   39   54   71   79   71


<< end of ENERGY.
openf___224_> Open           query.B99990001.pdb
wrpdb___568_> Residues, atoms, selected atoms:       54      472      472
openf___224_> Open           query.ini

Dynamically allocated memory at       amaxmodel [B,KiB,MiB]:      1509894    1474.506     1.440
read_mo_297_> Segments, residues, atoms:        1       54      472
read_mo_298_> Segment:        1     1    54      472
randomi_498_> Atoms,selected atoms,random_seed,amplitude:      472      472        1        4.0000
randomi_496_> Amplitude is > 0; randomization is done.
pick_re_612_> Number of MODEL atoms, selected restraints;      472     3175
pick_re_612_> Number of MODEL atoms, selected restraints;      472     3531
pick_re_612_> Number of MODEL atoms, selected restraints;      472     3708
pick_re_612_> Number of MODEL atoms, selected restraints;      472     3923
pick_re_612_> Number of MODEL atoms, selected restraints;      472     4103
pick_re_612_> Number of MODEL atoms, selected restraints;      472     4314
pick_re_612_> Number of MODEL atoms, selected restraints;      472     4558
pick_re_612_> Number of MODEL atoms, selected restraints;      472     4558
iupac_m_483_> CD1/2 CE1/2 swapped:      -92.9094        1     1
iupac_m_397W> Atoms were not swapped because of the uncertainty of how to handle the H atom.
iupac_m_483_> CD1/2 CE1/2 swapped:       92.1648       14    14
iupac_m_397W> Atoms were not swapped because of the uncertainty of how to handle the H atom.
iupac_m_486_> OE1/2 will be swapped:      -91.4091       15    15
iupac_m_487_> NH1/2 swapped:      179.7561       22    22
iupac_m_486_> OE1/2 will be swapped:      159.4506       24    24
iupac_m_487_> NH1/2 swapped:      176.1045       40    40


>> ENERGY; Differences between the model's features and restraints:
Number of all residues in MODEL                   :       54
Number of all, selected real atoms                :      472     472
Number of all, selected pseudo atoms              :        0       0
Number of all static, selected restraints         :     4558    4558
COVALENT_CYS                                      :        F
NONBONDED_SEL_ATOMS                               :        1
Number of non-bonded pairs (excluding 1-2,1-3,1-4):      916
Dynamic pairs routine                             : 2, NATM x NATM cell sorting
Atomic shift for contacts update (UPDATE_DYNAMIC) :    0.390
LENNARD_JONES_SWITCH                              :    6.500   7.500
COULOMB_JONES_SWITCH                              :    6.500   7.500
RESIDUE_SPAN_RANGE                                :        0   99999
NLOGN_USE                                         :       15
CONTACT_SHELL                                     :    4.000
DYNAMIC_PAIRS,_SPHERE,_COULOMB,_LENNARD,_MODELLER :        T       T       F       F       F
SPHERE_STDV                                       :    0.050
RADII_FACTOR                                      :    0.820
Current energy                                    :         273.7517





Summary of the restraint violations: 

   NUM     ... number of restraints.
   NUMVI   ... number of restraints with RVIOL > VIOL_REPORT_CUT[i].
   RVIOL   ... relative difference from the best value.
   NUMVP   ... number of restraints with -Ln(pdf) > VIOL_REPORT_CUT2[i].
   RMS_1   ... RMS(feature, minimally_violated_basis_restraint, NUMB).
   RMS_2   ... RMS(feature, best_value, NUMB).
   MOL.PDF ... scaled contribution to -Ln(Molecular pdf).

 #                     RESTRAINT_GROUP      NUM   NUMVI  NUMVP   RMS_1   RMS_2         MOL.PDF     S_i
------------------------------------------------------------------------------------------------------
 1 Bond length potential              :     483       0      0   0.004   0.004      2.2121       1.000
 2 Bond angle potential               :     647       0      0   1.547   1.547      28.457       1.000
 3 Stereochemical cosine torsion poten:     321       0      8  44.550  44.550      102.20       1.000
 4 Stereochemical improper torsion pot:     219       0      0   0.947   0.947      3.7126       1.000
 5 Soft-sphere overlap restraints     :     916       0      0   0.001   0.001     0.13921       1.000
 6 Lennard-Jones 6-12 potential       :       0       0      0   0.000   0.000      0.0000       1.000
 7 Coulomb point-point electrostatic p:       0       0      0   0.000   0.000      0.0000       1.000
 8 H-bonding potential                :       0       0      0   0.000   0.000      0.0000       1.000
 9 Distance restraints 1 (CA-CA)      :     519       0      0   0.145   0.145      10.321       1.000
10 Distance restraints 2 (N-O)        :     671       0      0   0.220   0.220      13.330       1.000
11 Mainchain Phi dihedral restraints  :       0       0      0   0.000   0.000      0.0000       1.000
12 Mainchain Psi dihedral restraints  :       0       0      0   0.000   0.000      0.0000       1.000
13 Mainchain Omega dihedral restraints:      53       0      0   2.975   2.975      5.5335       1.000
14 Sidechain Chi_1 dihedral restraints:      49       0      0  57.838  57.838      9.1731       1.000
15 Sidechain Chi_2 dihedral restraints:      42       0      0  76.767  76.767      11.502       1.000
16 Sidechain Chi_3 dihedral restraints:      19       0      0  76.555  76.555      14.534       1.000
17 Sidechain Chi_4 dihedral restraints:       7       0      0  85.010  85.010      3.8703       1.000
18 Disulfide distance restraints      :       0       0      0   0.000   0.000      0.0000       1.000
19 Disulfide angle restraints         :       0       0      0   0.000   0.000      0.0000       1.000
20 Disulfide dihedral angle restraints:       0       0      0   0.000   0.000      0.0000       1.000
21 Lower bound distance restraints    :       0       0      0   0.000   0.000      0.0000       1.000
22 Upper bound distance restraints    :       0       0      0   0.000   0.000      0.0000       1.000
23 Distance restraints 3 (SDCH-MNCH)  :     991       0      0   0.542   0.542      44.032       1.000
24 Sidechain Chi_5 dihedral restraints:       0       0      0   0.000   0.000      0.0000       1.000
25 Phi/Psi pair of dihedral restraints:      52       1      1  25.831  26.651     -12.771       1.000
26 Distance restraints 4 (SDCH-SDCH)  :     485       0      0   0.838   0.838      37.503       1.000
27 Distance restraints 5 (X-Y)        :       0       0      0   0.000   0.000      0.0000       1.000
28 NMR distance restraints 6 (X-Y)    :       0       0      0   0.000   0.000      0.0000       1.000
29 NMR distance restraints 7 (X-Y)    :       0       0      0   0.000   0.000      0.0000       1.000
30 Minimal distance restraints        :       0       0      0   0.000   0.000      0.0000       1.000
31 Non-bonded restraints              :       0       0      0   0.000   0.000      0.0000       1.000
32 Atomic accessibility restraints    :       0       0      0   0.000   0.000      0.0000       1.000
33 Atomic density restraints          :       0       0      0   0.000   0.000      0.0000       1.000
34 Absolute position restraints       :       0       0      0   0.000   0.000      0.0000       1.000
35 Dihedral angle difference restraint:       0       0      0   0.000   0.000      0.0000       1.000
36 GBSA implicit solvent potential    :       0       0      0   0.000   0.000      0.0000       1.000
37 EM density fitting potential       :       0       0      0   0.000   0.000      0.0000       1.000
38 SAXS restraints                    :       0       0      0   0.000   0.000      0.0000       1.000
39 Symmetry restraints                :       0       0      0   0.000   0.000      0.0000       1.000



openf___224_> Open           query.V99990002
# Heavy relative violation of each residue is written to: query.V99990002
# The profile is NOT normalized by the number of restraints.
# The profiles are smoothed over a window of residues:    1
# The sum of all numbers in the file:    4511.4473



List of the violated restraints:
   A restraint is violated when the relative difference
   from the best value (RVIOL) is larger than CUTOFF.

   ICSR   ... index of a restraint in the current set.
   RESNO  ... residue numbers of the first two atoms.
   ATM    ... IUPAC atom names of the first two atoms.
   FEAT   ... the value of the feature in the model.
   restr  ... the mean of the basis restraint with the smallest
              difference from the model (local minimum).
   viol   ... difference from the local minimum.
   rviol  ... relative difference from the local minimum.
   RESTR  ... the best value (global minimum).
   VIOL   ... difference from the best value.
   RVIOL  ... relative difference from the best value.


-------------------------------------------------------------------------------------------------

Feature 25                           : Phi/Psi pair of dihedral restraints     
List of the RVIOL violations larger than   :       6.5000

    #   ICSR  RESNO1/2 ATM1/2   INDATM1/2    FEAT   restr    viol   rviol   RESTR    VIOL   RVIOL
    1   1716  46S  47D C   N     412  414   54.83  -70.90  146.84   12.31  -70.90  146.84   12.31
    1         47D  47D N   CA    414  415 -133.86  150.30                  150.30


report______> Distribution of short non-bonded contacts:


DISTANCE1:  0.00 2.10 2.20 2.30 2.40 2.50 2.60 2.70 2.80 2.90 3.00 3.10 3.20 3.30 3.40
DISTANCE2:  2.10 2.20 2.30 2.40 2.50 2.60 2.70 2.80 2.90 3.00 3.10 3.20 3.30 3.40 3.50
FREQUENCY:     0    0    0    0    0    2    2   17   30   38   45   55   55   83   76


<< end of ENERGY.
openf___224_> Open           query.B99990002.pdb
wrpdb___568_> Residues, atoms, selected atoms:       54      472      472
openf___224_> Open           query.ini

Dynamically allocated memory at       amaxmodel [B,KiB,MiB]:      1509894    1474.506     1.440
read_mo_297_> Segments, residues, atoms:        1       54      472
read_mo_298_> Segment:        1     1    54      472
randomi_498_> Atoms,selected atoms,random_seed,amplitude:      472      472        1        4.0000
randomi_496_> Amplitude is > 0; randomization is done.
pick_re_612_> Number of MODEL atoms, selected restraints;      472     3175
pick_re_612_> Number of MODEL atoms, selected restraints;      472     3531
pick_re_612_> Number of MODEL atoms, selected restraints;      472     3708
pick_re_612_> Number of MODEL atoms, selected restraints;      472     3923
pick_re_612_> Number of MODEL atoms, selected restraints;      472     4103
pick_re_612_> Number of MODEL atoms, selected restraints;      472     4314
pick_re_612_> Number of MODEL atoms, selected restraints;      472     4558
pick_re_612_> Number of MODEL atoms, selected restraints;      472     4558
iupac_m_486_> OE1/2 will be swapped:      114.6169       15    15


>> ENERGY; Differences between the model's features and restraints:
Number of all residues in MODEL                   :       54
Number of all, selected real atoms                :      472     472
Number of all, selected pseudo atoms              :        0       0
Number of all static, selected restraints         :     4558    4558
COVALENT_CYS                                      :        F
NONBONDED_SEL_ATOMS                               :        1
Number of non-bonded pairs (excluding 1-2,1-3,1-4):      927
Dynamic pairs routine                             : 2, NATM x NATM cell sorting
Atomic shift for contacts update (UPDATE_DYNAMIC) :    0.390
LENNARD_JONES_SWITCH                              :    6.500   7.500
COULOMB_JONES_SWITCH                              :    6.500   7.500
RESIDUE_SPAN_RANGE                                :        0   99999
NLOGN_USE                                         :       15
CONTACT_SHELL                                     :    4.000
DYNAMIC_PAIRS,_SPHERE,_COULOMB,_LENNARD,_MODELLER :        T       T       F       F       F
SPHERE_STDV                                       :    0.050
RADII_FACTOR                                      :    0.820
Current energy                                    :         245.2074





Summary of the restraint violations: 

   NUM     ... number of restraints.
   NUMVI   ... number of restraints with RVIOL > VIOL_REPORT_CUT[i].
   RVIOL   ... relative difference from the best value.
   NUMVP   ... number of restraints with -Ln(pdf) > VIOL_REPORT_CUT2[i].
   RMS_1   ... RMS(feature, minimally_violated_basis_restraint, NUMB).
   RMS_2   ... RMS(feature, best_value, NUMB).
   MOL.PDF ... scaled contribution to -Ln(Molecular pdf).

 #                     RESTRAINT_GROUP      NUM   NUMVI  NUMVP   RMS_1   RMS_2         MOL.PDF     S_i
------------------------------------------------------------------------------------------------------
 1 Bond length potential              :     483       0      0   0.004   0.004      1.9117       1.000
 2 Bond angle potential               :     647       0      0   1.514   1.514      27.406       1.000
 3 Stereochemical cosine torsion poten:     321       0      8  44.128  44.128      100.64       1.000
 4 Stereochemical improper torsion pot:     219       0      0   0.847   0.847      3.0518       1.000
 5 Soft-sphere overlap restraints     :     927       0      0   0.001   0.001     0.19213       1.000
 6 Lennard-Jones 6-12 potential       :       0       0      0   0.000   0.000      0.0000       1.000
 7 Coulomb point-point electrostatic p:       0       0      0   0.000   0.000      0.0000       1.000
 8 H-bonding potential                :       0       0      0   0.000   0.000      0.0000       1.000
 9 Distance restraints 1 (CA-CA)      :     519       0      0   0.159   0.159      12.370       1.000
10 Distance restraints 2 (N-O)        :     671       0      0   0.154   0.154      12.406       1.000
11 Mainchain Phi dihedral restraints  :       0       0      0   0.000   0.000      0.0000       1.000
12 Mainchain Psi dihedral restraints  :       0       0      0   0.000   0.000      0.0000       1.000
13 Mainchain Omega dihedral restraints:      53       0      0   3.151   3.151      6.2068       1.000
14 Sidechain Chi_1 dihedral restraints:      49       0      0  55.299  55.299      8.0077       1.000
15 Sidechain Chi_2 dihedral restraints:      42       0      0  73.657  73.657      15.127       1.000
16 Sidechain Chi_3 dihedral restraints:      19       0      0  69.932  69.932      13.929       1.000
17 Sidechain Chi_4 dihedral restraints:       7       0      0 122.492 122.492      5.5339       1.000
18 Disulfide distance restraints      :       0       0      0   0.000   0.000      0.0000       1.000
19 Disulfide angle restraints         :       0       0      0   0.000   0.000      0.0000       1.000
20 Disulfide dihedral angle restraints:       0       0      0   0.000   0.000      0.0000       1.000
21 Lower bound distance restraints    :       0       0      0   0.000   0.000      0.0000       1.000
22 Upper bound distance restraints    :       0       0      0   0.000   0.000      0.0000       1.000
23 Distance restraints 3 (SDCH-MNCH)  :     991       0      0   0.383   0.383      22.746       1.000
24 Sidechain Chi_5 dihedral restraints:       0       0      0   0.000   0.000      0.0000       1.000
25 Phi/Psi pair of dihedral restraints:      52       1      1  25.487  26.080     -12.514       1.000
26 Distance restraints 4 (SDCH-SDCH)  :     485       0      0   0.685   0.685      28.194       1.000
27 Distance restraints 5 (X-Y)        :       0       0      0   0.000   0.000      0.0000       1.000
28 NMR distance restraints 6 (X-Y)    :       0       0      0   0.000   0.000      0.0000       1.000
29 NMR distance restraints 7 (X-Y)    :       0       0      0   0.000   0.000      0.0000       1.000
30 Minimal distance restraints        :       0       0      0   0.000   0.000      0.0000       1.000
31 Non-bonded restraints              :       0       0      0   0.000   0.000      0.0000       1.000
32 Atomic accessibility restraints    :       0       0      0   0.000   0.000      0.0000       1.000
33 Atomic density restraints          :       0       0      0   0.000   0.000      0.0000       1.000
34 Absolute position restraints       :       0       0      0   0.000   0.000      0.0000       1.000
35 Dihedral angle difference restraint:       0       0      0   0.000   0.000      0.0000       1.000
36 GBSA implicit solvent potential    :       0       0      0   0.000   0.000      0.0000       1.000
37 EM density fitting potential       :       0       0      0   0.000   0.000      0.0000       1.000
38 SAXS restraints                    :       0       0      0   0.000   0.000      0.0000       1.000
39 Symmetry restraints                :       0       0      0   0.000   0.000      0.0000       1.000



openf___224_> Open           query.V99990003
# Heavy relative violation of each residue is written to: query.V99990003
# The profile is NOT normalized by the number of restraints.
# The profiles are smoothed over a window of residues:    1
# The sum of all numbers in the file:    4324.6938



List of the violated restraints:
   A restraint is violated when the relative difference
   from the best value (RVIOL) is larger than CUTOFF.

   ICSR   ... index of a restraint in the current set.
   RESNO  ... residue numbers of the first two atoms.
   ATM    ... IUPAC atom names of the first two atoms.
   FEAT   ... the value of the feature in the model.
   restr  ... the mean of the basis restraint with the smallest
              difference from the model (local minimum).
   viol   ... difference from the local minimum.
   rviol  ... relative difference from the local minimum.
   RESTR  ... the best value (global minimum).
   VIOL   ... difference from the best value.
   RVIOL  ... relative difference from the best value.


-------------------------------------------------------------------------------------------------

Feature 25                           : Phi/Psi pair of dihedral restraints     
List of the RVIOL violations larger than   :       6.5000

    #   ICSR  RESNO1/2 ATM1/2   INDATM1/2    FEAT   restr    viol   rviol   RESTR    VIOL   RVIOL
    1   1716  46S  47D C   N     412  414   49.47  -63.30  143.53   17.06  -70.90  145.03   12.12
    1         47D  47D N   CA    414  415 -128.80  -40.00                  150.30


report______> Distribution of short non-bonded contacts:


DISTANCE1:  0.00 2.10 2.20 2.30 2.40 2.50 2.60 2.70 2.80 2.90 3.00 3.10 3.20 3.30 3.40
DISTANCE2:  2.10 2.20 2.30 2.40 2.50 2.60 2.70 2.80 2.90 3.00 3.10 3.20 3.30 3.40 3.50
FREQUENCY:     0    0    0    0    0    3    2   14   29   46   42   52   74   72   83


<< end of ENERGY.
openf___224_> Open           query.B99990003.pdb
wrpdb___568_> Residues, atoms, selected atoms:       54      472      472
openf___224_> Open           query.ini

Dynamically allocated memory at       amaxmodel [B,KiB,MiB]:      1509894    1474.506     1.440
read_mo_297_> Segments, residues, atoms:        1       54      472
read_mo_298_> Segment:        1     1    54      472
randomi_498_> Atoms,selected atoms,random_seed,amplitude:      472      472        1        4.0000
randomi_496_> Amplitude is > 0; randomization is done.
pick_re_612_> Number of MODEL atoms, selected restraints;      472     3175
pick_re_612_> Number of MODEL atoms, selected restraints;      472     3531
pick_re_612_> Number of MODEL atoms, selected restraints;      472     3708
pick_re_612_> Number of MODEL atoms, selected restraints;      472     3923
pick_re_612_> Number of MODEL atoms, selected restraints;      472     4103
pick_re_612_> Number of MODEL atoms, selected restraints;      472     4314
pick_re_612_> Number of MODEL atoms, selected restraints;      472     4558
pick_re_612_> Number of MODEL atoms, selected restraints;      472     4558
iupac_m_483_> CD1/2 CE1/2 swapped:      -92.6750        2     2
iupac_m_397W> Atoms were not swapped because of the uncertainty of how to handle the H atom.
iupac_m_487_> NH1/2 swapped:     -175.8872        5     5
iupac_m_483_> CD1/2 CE1/2 swapped:       97.3219       14    14
iupac_m_397W> Atoms were not swapped because of the uncertainty of how to handle the H atom.
iupac_m_486_> OE1/2 will be swapped:     -156.4551       15    15
iupac_m_487_> NH1/2 swapped:      175.3704       17    17
iupac_m_486_> OE1/2 will be swapped:      -97.7695       29    29
iupac_m_486_> OE1/2 will be swapped:      100.4753       33    33
iupac_m_487_> NH1/2 swapped:     -178.1435       40    40


>> ENERGY; Differences between the model's features and restraints:
Number of all residues in MODEL                   :       54
Number of all, selected real atoms                :      472     472
Number of all, selected pseudo atoms              :        0       0
Number of all static, selected restraints         :     4558    4558
COVALENT_CYS                                      :        F
NONBONDED_SEL_ATOMS                               :        1
Number of non-bonded pairs (excluding 1-2,1-3,1-4):      901
Dynamic pairs routine                             : 2, NATM x NATM cell sorting
Atomic shift for contacts update (UPDATE_DYNAMIC) :    0.390
LENNARD_JONES_SWITCH                              :    6.500   7.500
COULOMB_JONES_SWITCH                              :    6.500   7.500
RESIDUE_SPAN_RANGE                                :        0   99999
NLOGN_USE                                         :       15
CONTACT_SHELL                                     :    4.000
DYNAMIC_PAIRS,_SPHERE,_COULOMB,_LENNARD,_MODELLER :        T       T       F       F       F
SPHERE_STDV                                       :    0.050
RADII_FACTOR                                      :    0.820
Current energy                                    :         308.2830





Summary of the restraint violations: 

   NUM     ... number of restraints.
   NUMVI   ... number of restraints with RVIOL > VIOL_REPORT_CUT[i].
   RVIOL   ... relative difference from the best value.
   NUMVP   ... number of restraints with -Ln(pdf) > VIOL_REPORT_CUT2[i].
   RMS_1   ... RMS(feature, minimally_violated_basis_restraint, NUMB).
   RMS_2   ... RMS(feature, best_value, NUMB).
   MOL.PDF ... scaled contribution to -Ln(Molecular pdf).

 #                     RESTRAINT_GROUP      NUM   NUMVI  NUMVP   RMS_1   RMS_2         MOL.PDF     S_i
------------------------------------------------------------------------------------------------------
 1 Bond length potential              :     483       0      0   0.004   0.004      2.6667       1.000
 2 Bond angle potential               :     647       0      0   1.669   1.669      33.231       1.000
 3 Stereochemical cosine torsion poten:     321       0      7  44.249  44.249      102.07       1.000
 4 Stereochemical improper torsion pot:     219       0      0   1.134   1.134      5.2218       1.000
 5 Soft-sphere overlap restraints     :     901       0      0   0.001   0.001     0.17162       1.000
 6 Lennard-Jones 6-12 potential       :       0       0      0   0.000   0.000      0.0000       1.000
 7 Coulomb point-point electrostatic p:       0       0      0   0.000   0.000      0.0000       1.000
 8 H-bonding potential                :       0       0      0   0.000   0.000      0.0000       1.000
 9 Distance restraints 1 (CA-CA)      :     519       0      0   0.175   0.175      15.224       1.000
10 Distance restraints 2 (N-O)        :     671       0      0   0.165   0.165      15.078       1.000
11 Mainchain Phi dihedral restraints  :       0       0      0   0.000   0.000      0.0000       1.000
12 Mainchain Psi dihedral restraints  :       0       0      0   0.000   0.000      0.0000       1.000
13 Mainchain Omega dihedral restraints:      53       0      0   3.302   3.302      6.8156       1.000
14 Sidechain Chi_1 dihedral restraints:      49       0      0  67.895  67.895      11.632       1.000
15 Sidechain Chi_2 dihedral restraints:      42       0      0  69.203  69.203      13.912       1.000
16 Sidechain Chi_3 dihedral restraints:      19       0      0  83.275  83.275      17.712       1.000
17 Sidechain Chi_4 dihedral restraints:       7       0      0  72.889  72.889      6.8929       1.000
18 Disulfide distance restraints      :       0       0      0   0.000   0.000      0.0000       1.000
19 Disulfide angle restraints         :       0       0      0   0.000   0.000      0.0000       1.000
20 Disulfide dihedral angle restraints:       0       0      0   0.000   0.000      0.0000       1.000
21 Lower bound distance restraints    :       0       0      0   0.000   0.000      0.0000       1.000
22 Upper bound distance restraints    :       0       0      0   0.000   0.000      0.0000       1.000
23 Distance restraints 3 (SDCH-MNCH)  :     991       0      0   0.546   0.546      47.015       1.000
24 Sidechain Chi_5 dihedral restraints:       0       0      0   0.000   0.000      0.0000       1.000
25 Phi/Psi pair of dihedral restraints:      52       1      1  26.308  27.362     -8.7752       1.000
26 Distance restraints 4 (SDCH-SDCH)  :     485       0      1   0.828   0.828      39.415       1.000
27 Distance restraints 5 (X-Y)        :       0       0      0   0.000   0.000      0.0000       1.000
28 NMR distance restraints 6 (X-Y)    :       0       0      0   0.000   0.000      0.0000       1.000
29 NMR distance restraints 7 (X-Y)    :       0       0      0   0.000   0.000      0.0000       1.000
30 Minimal distance restraints        :       0       0      0   0.000   0.000      0.0000       1.000
31 Non-bonded restraints              :       0       0      0   0.000   0.000      0.0000       1.000
32 Atomic accessibility restraints    :       0       0      0   0.000   0.000      0.0000       1.000
33 Atomic density restraints          :       0       0      0   0.000   0.000      0.0000       1.000
34 Absolute position restraints       :       0       0      0   0.000   0.000      0.0000       1.000
35 Dihedral angle difference restraint:       0       0      0   0.000   0.000      0.0000       1.000
36 GBSA implicit solvent potential    :       0       0      0   0.000   0.000      0.0000       1.000
37 EM density fitting potential       :       0       0      0   0.000   0.000      0.0000       1.000
38 SAXS restraints                    :       0       0      0   0.000   0.000      0.0000       1.000
39 Symmetry restraints                :       0       0      0   0.000   0.000      0.0000       1.000



openf___224_> Open           query.V99990004
# Heavy relative violation of each residue is written to: query.V99990004
# The profile is NOT normalized by the number of restraints.
# The profiles are smoothed over a window of residues:    1
# The sum of all numbers in the file:    4848.6289



List of the violated restraints:
   A restraint is violated when the relative difference
   from the best value (RVIOL) is larger than CUTOFF.

   ICSR   ... index of a restraint in the current set.
   RESNO  ... residue numbers of the first two atoms.
   ATM    ... IUPAC atom names of the first two atoms.
   FEAT   ... the value of the feature in the model.
   restr  ... the mean of the basis restraint with the smallest
              difference from the model (local minimum).
   viol   ... difference from the local minimum.
   rviol  ... relative difference from the local minimum.
   RESTR  ... the best value (global minimum).
   VIOL   ... difference from the best value.
   RVIOL  ... relative difference from the best value.


-------------------------------------------------------------------------------------------------

Feature 25                           : Phi/Psi pair of dihedral restraints     
List of the RVIOL violations larger than   :       6.5000

    #   ICSR  RESNO1/2 ATM1/2   INDATM1/2    FEAT   restr    viol   rviol   RESTR    VIOL   RVIOL
    1   1716  46S  47D C   N     412  414   50.92  -63.30  143.29   17.18  -70.90  147.52   12.32
    1         47D  47D N   CA    414  415 -126.51  -40.00                  150.30


report______> Distribution of short non-bonded contacts:


DISTANCE1:  0.00 2.10 2.20 2.30 2.40 2.50 2.60 2.70 2.80 2.90 3.00 3.10 3.20 3.30 3.40
DISTANCE2:  2.10 2.20 2.30 2.40 2.50 2.60 2.70 2.80 2.90 3.00 3.10 3.20 3.30 3.40 3.50
FREQUENCY:     0    0    0    0    0    0    4   17   36   28   46   52   61   80   81


<< end of ENERGY.
openf___224_> Open           query.B99990004.pdb
wrpdb___568_> Residues, atoms, selected atoms:       54      472      472
openf___224_> Open           query.ini

Dynamically allocated memory at       amaxmodel [B,KiB,MiB]:      1509894    1474.506     1.440
read_mo_297_> Segments, residues, atoms:        1       54      472
read_mo_298_> Segment:        1     1    54      472
randomi_498_> Atoms,selected atoms,random_seed,amplitude:      472      472        1        4.0000
randomi_496_> Amplitude is > 0; randomization is done.
pick_re_612_> Number of MODEL atoms, selected restraints;      472     3175
pick_re_612_> Number of MODEL atoms, selected restraints;      472     3531
pick_re_612_> Number of MODEL atoms, selected restraints;      472     3708
pick_re_612_> Number of MODEL atoms, selected restraints;      472     3923
pick_re_612_> Number of MODEL atoms, selected restraints;      472     4103
pick_re_612_> Number of MODEL atoms, selected restraints;      472     4314
pick_re_612_> Number of MODEL atoms, selected restraints;      472     4558
pick_re_612_> Number of MODEL atoms, selected restraints;      472     4558
iupac_m_483_> CD1/2 CE1/2 swapped:     -100.2236       10    10
iupac_m_397W> Atoms were not swapped because of the uncertainty of how to handle the H atom.
iupac_m_483_> CD1/2 CE1/2 swapped:       91.2697       14    14
iupac_m_397W> Atoms were not swapped because of the uncertainty of how to handle the H atom.
iupac_m_486_> OE1/2 will be swapped:     -170.2826       15    15
iupac_m_487_> NH1/2 swapped:      176.2096       22    22
iupac_m_486_> OE1/2 will be swapped:       92.3751       33    33


>> ENERGY; Differences between the model's features and restraints:
Number of all residues in MODEL                   :       54
Number of all, selected real atoms                :      472     472
Number of all, selected pseudo atoms              :        0       0
Number of all static, selected restraints         :     4558    4558
COVALENT_CYS                                      :        F
NONBONDED_SEL_ATOMS                               :        1
Number of non-bonded pairs (excluding 1-2,1-3,1-4):      928
Dynamic pairs routine                             : 2, NATM x NATM cell sorting
Atomic shift for contacts update (UPDATE_DYNAMIC) :    0.390
LENNARD_JONES_SWITCH                              :    6.500   7.500
COULOMB_JONES_SWITCH                              :    6.500   7.500
RESIDUE_SPAN_RANGE                                :        0   99999
NLOGN_USE                                         :       15
CONTACT_SHELL                                     :    4.000
DYNAMIC_PAIRS,_SPHERE,_COULOMB,_LENNARD,_MODELLER :        T       T       F       F       F
SPHERE_STDV                                       :    0.050
RADII_FACTOR                                      :    0.820
Current energy                                    :         312.3851





Summary of the restraint violations: 

   NUM     ... number of restraints.
   NUMVI   ... number of restraints with RVIOL > VIOL_REPORT_CUT[i].
   RVIOL   ... relative difference from the best value.
   NUMVP   ... number of restraints with -Ln(pdf) > VIOL_REPORT_CUT2[i].
   RMS_1   ... RMS(feature, minimally_violated_basis_restraint, NUMB).
   RMS_2   ... RMS(feature, best_value, NUMB).
   MOL.PDF ... scaled contribution to -Ln(Molecular pdf).

 #                     RESTRAINT_GROUP      NUM   NUMVI  NUMVP   RMS_1   RMS_2         MOL.PDF     S_i
------------------------------------------------------------------------------------------------------
 1 Bond length potential              :     483       0      0   0.005   0.005      3.1832       1.000
 2 Bond angle potential               :     647       0      0   1.678   1.678      33.351       1.000
 3 Stereochemical cosine torsion poten:     321       0      8  43.436  43.436      98.895       1.000
 4 Stereochemical improper torsion pot:     219       0      0   1.029   1.029      4.5645       1.000
 5 Soft-sphere overlap restraints     :     928       0      0   0.001   0.001     0.14614       1.000
 6 Lennard-Jones 6-12 potential       :       0       0      0   0.000   0.000      0.0000       1.000
 7 Coulomb point-point electrostatic p:       0       0      0   0.000   0.000      0.0000       1.000
 8 H-bonding potential                :       0       0      0   0.000   0.000      0.0000       1.000
 9 Distance restraints 1 (CA-CA)      :     519       0      0   0.219   0.219      21.912       1.000
10 Distance restraints 2 (N-O)        :     671       0      0   0.194   0.194      21.069       1.000
11 Mainchain Phi dihedral restraints  :       0       0      0   0.000   0.000      0.0000       1.000
12 Mainchain Psi dihedral restraints  :       0       0      0   0.000   0.000      0.0000       1.000
13 Mainchain Omega dihedral restraints:      53       0      0   3.252   3.252      6.6081       1.000
14 Sidechain Chi_1 dihedral restraints:      49       0      0  53.658  53.658      7.7318       1.000
15 Sidechain Chi_2 dihedral restraints:      42       0      0  71.496  71.496      15.829       1.000
16 Sidechain Chi_3 dihedral restraints:      19       0      0  75.030  75.030      13.766       1.000
17 Sidechain Chi_4 dihedral restraints:       7       0      0  90.350  90.350      4.0252       1.000
18 Disulfide distance restraints      :       0       0      0   0.000   0.000      0.0000       1.000
19 Disulfide angle restraints         :       0       0      0   0.000   0.000      0.0000       1.000
20 Disulfide dihedral angle restraints:       0       0      0   0.000   0.000      0.0000       1.000
21 Lower bound distance restraints    :       0       0      0   0.000   0.000      0.0000       1.000
22 Upper bound distance restraints    :       0       0      0   0.000   0.000      0.0000       1.000
23 Distance restraints 3 (SDCH-MNCH)  :     991       0      0   0.530   0.530      46.264       1.000
24 Sidechain Chi_5 dihedral restraints:       0       0      0   0.000   0.000      0.0000       1.000
25 Phi/Psi pair of dihedral restraints:      52       1      1  26.732  27.008     -8.5722       1.000
26 Distance restraints 4 (SDCH-SDCH)  :     485       0      0   0.860   0.860      43.613       1.000
27 Distance restraints 5 (X-Y)        :       0       0      0   0.000   0.000      0.0000       1.000
28 NMR distance restraints 6 (X-Y)    :       0       0      0   0.000   0.000      0.0000       1.000
29 NMR distance restraints 7 (X-Y)    :       0       0      0   0.000   0.000      0.0000       1.000
30 Minimal distance restraints        :       0       0      0   0.000   0.000      0.0000       1.000
31 Non-bonded restraints              :       0       0      0   0.000   0.000      0.0000       1.000
32 Atomic accessibility restraints    :       0       0      0   0.000   0.000      0.0000       1.000
33 Atomic density restraints          :       0       0      0   0.000   0.000      0.0000       1.000
34 Absolute position restraints       :       0       0      0   0.000   0.000      0.0000       1.000
35 Dihedral angle difference restraint:       0       0      0   0.000   0.000      0.0000       1.000
36 GBSA implicit solvent potential    :       0       0      0   0.000   0.000      0.0000       1.000
37 EM density fitting potential       :       0       0      0   0.000   0.000      0.0000       1.000
38 SAXS restraints                    :       0       0      0   0.000   0.000      0.0000       1.000
39 Symmetry restraints                :       0       0      0   0.000   0.000      0.0000       1.000



openf___224_> Open           query.V99990005
# Heavy relative violation of each residue is written to: query.V99990005
# The profile is NOT normalized by the number of restraints.
# The profiles are smoothed over a window of residues:    1
# The sum of all numbers in the file:    4743.3335



List of the violated restraints:
   A restraint is violated when the relative difference
   from the best value (RVIOL) is larger than CUTOFF.

   ICSR   ... index of a restraint in the current set.
   RESNO  ... residue numbers of the first two atoms.
   ATM    ... IUPAC atom names of the first two atoms.
   FEAT   ... the value of the feature in the model.
   restr  ... the mean of the basis restraint with the smallest
              difference from the model (local minimum).
   viol   ... difference from the local minimum.
   rviol  ... relative difference from the local minimum.
   RESTR  ... the best value (global minimum).
   VIOL   ... difference from the best value.
   RVIOL  ... relative difference from the best value.


-------------------------------------------------------------------------------------------------

Feature 25                           : Phi/Psi pair of dihedral restraints     
List of the RVIOL violations larger than   :       6.5000

    #   ICSR  RESNO1/2 ATM1/2   INDATM1/2    FEAT   restr    viol   rviol   RESTR    VIOL   RVIOL
    1   1716  46S  47D C   N     412  414   52.94  -70.90  142.35   11.94  -70.90  142.35   11.94
    1         47D  47D N   CA    414  415 -139.51  150.30                  150.30


report______> Distribution of short non-bonded contacts:


DISTANCE1:  0.00 2.10 2.20 2.30 2.40 2.50 2.60 2.70 2.80 2.90 3.00 3.10 3.20 3.30 3.40
DISTANCE2:  2.10 2.20 2.30 2.40 2.50 2.60 2.70 2.80 2.90 3.00 3.10 3.20 3.30 3.40 3.50
FREQUENCY:     0    0    0    0    0    1    6   17   27   46   46   50   77   78   68


<< end of ENERGY.
openf___224_> Open           query.B99990005.pdb
wrpdb___568_> Residues, atoms, selected atoms:       54      472      472

>> Summary of successfully produced models:
Filename                          molpdf
----------------------------------------
query.B99990001.pdb            243.60025
query.B99990002.pdb            273.75171
query.B99990003.pdb            245.20738
query.B99990004.pdb            308.28296
query.B99990005.pdb            312.38507


Dynamically allocated memory at          finish [B,KiB,MiB]:      1509870    1474.482     1.440
Starting time                                            : 2018/07/20 17:09:55
Closing time                                             : 2018/07/20 17:10:05
Total CPU time [seconds]                                 :       9.87
